# Logfile created on 2014-03-07 12:40:50 -0800 by logger.rb/44203
I, [2014-03-07T12:40:50.740240 #7048]  INFO -- : 0:  rake (10.1.1) from /Users/ninapacifico/.rvm/gems/ruby-2.1.0/specifications/rake-10.1.1.gemspec
I, [2014-03-07T12:40:50.741109 #7048]  INFO -- : 0:  addressable (2.3.5) from /Users/ninapacifico/.rvm/gems/ruby-2.1.0/specifications/addressable-2.3.5.gemspec
I, [2014-03-07T12:40:53.108213 #7048]  INFO -- : 0:  backports (3.6.0) from /Users/ninapacifico/.rvm/gems/ruby-2.1.0/specifications/backports-3.6.0.gemspec
I, [2014-03-07T12:40:53.113731 #7048]  INFO -- : 0:  coderay (1.1.0) from /Users/ninapacifico/.rvm/gems/ruby-2.1.0/specifications/coderay-1.1.0.gemspec
I, [2014-03-07T12:40:54.108661 #7048]  INFO -- : 0:  daemons (1.1.9) from /Users/ninapacifico/.rvm/gems/ruby-2.1.0/specifications/daemons-1.1.9.gemspec
I, [2014-03-07T12:40:54.109860 #7048]  INFO -- : 0:  eventmachine (1.0.3) from /Users/ninapacifico/.rvm/gems/ruby-2.1.0/specifications/eventmachine-1.0.3.gemspec
I, [2014-03-07T12:40:54.406388 #7048]  INFO -- : 0:  em-websocket (0.3.8) from /Users/ninapacifico/.rvm/gems/ruby-2.1.0/specifications/em-websocket-0.3.8.gemspec
I, [2014-03-07T12:40:54.406986 #7048]  INFO -- : 0:  jasmine-core (2.0.0) from /Users/ninapacifico/.rvm/gems/ruby-2.1.0/specifications/jasmine-core-2.0.0.gemspec
I, [2014-03-07T12:40:54.407371 #7048]  INFO -- : 0:  phantomjs (1.9.7.0) from /Users/ninapacifico/.rvm/gems/ruby-2.1.0/specifications/phantomjs-1.9.7.0.gemspec
I, [2014-03-07T12:40:54.407753 #7048]  INFO -- : 0:  rack (1.5.2) from /Users/ninapacifico/.rvm/gems/ruby-2.1.0/specifications/rack-1.5.2.gemspec
I, [2014-03-07T12:40:54.408123 #7048]  INFO -- : 0:  jasmine (2.0.0) from /Users/ninapacifico/.rvm/gems/ruby-2.1.0/specifications/jasmine-2.0.0.gemspec
I, [2014-03-07T12:40:54.408491 #7048]  INFO -- : 0:  method_source (0.8.2) from /Users/ninapacifico/.rvm/gems/ruby-2.1.0/specifications/method_source-0.8.2.gemspec
I, [2014-03-07T12:40:54.408878 #7048]  INFO -- : 0:  multi_json (1.9.0) from /Users/ninapacifico/.rvm/gems/ruby-2.1.0/specifications/multi_json-1.9.0.gemspec
I, [2014-03-07T12:40:54.409247 #7048]  INFO -- : 0:  slop (3.4.7) from /Users/ninapacifico/.rvm/gems/ruby-2.1.0/specifications/slop-3.4.7.gemspec
I, [2014-03-07T12:40:54.409622 #7048]  INFO -- : 0:  pry (0.9.12.6) from /Users/ninapacifico/.rvm/gems/ruby-2.1.0/specifications/pry-0.9.12.6.gemspec
I, [2014-03-07T12:40:54.409989 #7048]  INFO -- : 0:  rack-protection (1.5.2) from /Users/ninapacifico/.rvm/gems/ruby-2.1.0/specifications/rack-protection-1.5.2.gemspec
I, [2014-03-07T12:40:54.410356 #7048]  INFO -- : 0:  rack-test (0.6.2) from /Users/ninapacifico/.rvm/gems/ruby-2.1.0/specifications/rack-test-0.6.2.gemspec
I, [2014-03-07T12:40:54.410730 #7048]  INFO -- : 0:  tilt (1.4.1) from /Users/ninapacifico/.rvm/gems/ruby-2.1.0/specifications/tilt-1.4.1.gemspec
I, [2014-03-07T12:40:54.411099 #7048]  INFO -- : 0:  sinatra (1.4.4) from /Users/ninapacifico/.rvm/gems/ruby-2.1.0/specifications/sinatra-1.4.4.gemspec
I, [2014-03-07T12:40:54.411467 #7048]  INFO -- : 0:  sinatra-contrib (1.4.2) from /Users/ninapacifico/.rvm/gems/ruby-2.1.0/specifications/sinatra-contrib-1.4.2.gemspec
I, [2014-03-07T12:41:06.743342 #7048]  INFO -- : 0:  thin (1.6.2) from /Users/ninapacifico/.rvm/gems/ruby-2.1.0/specifications/thin-1.6.2.gemspec
I, [2014-03-07T12:41:07.044514 #7048]  INFO -- : 0:  sinatra-websocket (0.3.0) from /Users/ninapacifico/.rvm/gems/ruby-2.1.0/specifications/sinatra-websocket-0.3.0.gemspec
I, [2014-03-07T12:41:07.045343 #7048]  INFO -- : 0:  bundler (1.5.1) from /Users/ninapacifico/.rvm/gems/ruby-2.1.0@global/specifications/bundler-1.5.1.gemspec
